     station  calfNumber  end visit dateTime  ...    feederLong Duration      date2
8717       9        6829 2022-03-28 00:42:41  ...  DAL 2 (2496)    251.0 2022-03-28
2641       9        6420 2022-03-28 02:52:32  ...  DAL 2 (2496)    662.0 2022-03-28
3570      10        6435 2022-03-28 02:49:25  ...  DAL 2 (2496)    295.0 2022-03-28
9223       9        6831 2022-03-28 04:05:01  ...  DAL 2 (2496)    751.0 2022-03-28
9436       9        6832 2022-03-28 04:17:33  ...  DAL 2 (2496)    783.0 2022-03-28

[5 rows x 7 columns]
let us check if  vealnum_6829_ch9_from_28032022003830__to__28032022004241 is of interest and isn't already created
***** yes, it is. we will create vealnum_6829_ch9_from_28032022003830__to__28032022004241.mp4
we haven't find the sample video so we will go next
let us check if  vealnum_6420_ch9_from_28032022024130__to__28032022025232 is of interest and isn't already created
***** yes, it is. we will create vealnum_6420_ch9_from_28032022024130__to__28032022025232.mp4
we haven't find the sample video so we will go next
let us check if  vealnum_6435_ch10_from_28032022024430__to__28032022024925 is of interest and isn't already created
***** yes, it is. we will create vealnum_6435_ch10_from_28032022024430__to__28032022024925.mp4
we haven't find the sample video so we will go next
let us check if  vealnum_6831_ch9_from_28032022035230__to__28032022040501 is of interest and isn't already created
***** yes, it is. we will create vealnum_6831_ch9_from_28032022035230__to__28032022040501.mp4
we haven't find the sample video so we will go next
let us check if  vealnum_6832_ch9_from_28032022040430__to__28032022041733 is of interest and isn't already created
***** yes, it is. we will create vealnum_6832_ch9_from_28032022040430__to__28032022041733.mp4
we haven't find the sample video so we will go next
let us check if  vealnum_6799_chnan_from_28032022044330__to__28032022045433 is of interest and isn't already created
***** yes, it is. we will create vealnum_6799_chnan_from_28032022044330__to__28032022045433.mp4
we haven't find the sample video so we will go next
let us check if  vealnum_6827_ch9_from_28032022045730__to__28032022050750 is of interest and isn't already created
***** yes, it is. we will create vealnum_6827_ch9_from_28032022045730__to__28032022050750.mp4
we haven't find the sample video so we will go next
let us check if  vealnum_6839_ch9_from_28032022050430__to__28032022051759 is of interest and isn't already created
***** yes, it is. we will create vealnum_6839_ch9_from_28032022050430__to__28032022051759.mp4
we haven't find the sample video so we will go next
let us check if  vealnum_6823_chnan_from_28032022050430__to__28032022051911 is of interest and isn't already created
***** yes, it is. we will create vealnum_6823_chnan_from_28032022050430__to__28032022051911.mp4
we haven't find the sample video so we will go next
let us check if  vealnum_6849_ch10_from_28032022050930__to__28032022051336 is of interest and isn't already created
***** yes, it is. we will create vealnum_6849_ch10_from_28032022050930__to__28032022051336.mp4
we haven't find the sample video so we will go next
let us check if  vealnum_6849_ch10_from_28032022051130__to__28032022051552 is of interest and isn't already created
***** yes, it is. we will create vealnum_6849_ch10_from_28032022051130__to__28032022051552.mp4
we haven't find the sample video so we will go next
let us check if  vealnum_6375_chnan_from_28032022051530__to__28032022052309 is of interest and isn't already created
***** yes, it is. we will create vealnum_6375_chnan_from_28032022051530__to__28032022052309.mp4
we haven't find the sample video so we will go next
let us check if  vealnum_6841_ch9_from_28032022051730__to__28032022052148 is of interest and isn't already created
***** yes, it is. we will create vealnum_6841_ch9_from_28032022051730__to__28032022052148.mp4
we haven't find the sample video so we will go next
let us check if  vealnum_6432_ch9_from_28032022052930__to__28032022054111 is of interest and isn't already created
***** yes, it is. we will create vealnum_6432_ch9_from_28032022052930__to__28032022054111.mp4
we haven't find the sample video so we will go next
let us check if  vealnum_6821_chnan_from_28032022053330__to__28032022054559 is of interest and isn't already created
***** yes, it is. we will create vealnum_6821_chnan_from_28032022053330__to__28032022054559.mp4
we haven't find the sample video so we will go next
let us check if  vealnum_6836_ch9_from_28032022053630__to__28032022054707 is of interest and isn't already created
***** yes, it is. we will create vealnum_6836_ch9_from_28032022053630__to__28032022054707.mp4
we haven't find the sample video so we will go next
let us check if  vealnum_6436_ch10_from_28032022054230__to__28032022054855 is of interest and isn't already created
***** yes, it is. we will create vealnum_6436_ch10_from_28032022054230__to__28032022054855.mp4
we haven't find the sample video so we will go next
let us check if  vealnum_6838_ch9_from_28032022054330__to__28032022054744 is of interest and isn't already created
***** yes, it is. we will create vealnum_6838_ch9_from_28032022054330__to__28032022054744.mp4
we haven't find the sample video so we will go next
let us check if  vealnum_6838_ch9_from_28032022054430__to__28032022054839 is of interest and isn't already created
***** yes, it is. we will create vealnum_6838_ch9_from_28032022054430__to__28032022054839.mp4
we haven't find the sample video so we will go next
let us check if  vealnum_6838_ch9_from_28032022054430__to__28032022054840 is of interest and isn't already created
***** yes, it is. we will create vealnum_6838_ch9_from_28032022054430__to__28032022054840.mp4
we haven't find the sample video so we will go next
let us check if  vealnum_6435_ch10_from_28032022055330__to__28032022055748 is of interest and isn't already created
***** yes, it is. we will create vealnum_6435_ch10_from_28032022055330__to__28032022055748.mp4
we haven't find the sample video so we will go next
let us check if  vealnum_6834_ch9_from_28032022055530__to__28032022060528 is of interest and isn't already created
***** yes, it is. we will create vealnum_6834_ch9_from_28032022055530__to__28032022060528.mp4
we haven't find the sample video so we will go next
let us check if  vealnum_6436_ch10_from_28032022060130__to__28032022060544 is of interest and isn't already created
***** yes, it is. we will create vealnum_6436_ch10_from_28032022060130__to__28032022060544.mp4
we haven't find the sample video so we will go next
let us check if  vealnum_6846_ch9_from_28032022060630__to__28032022061543 is of interest and isn't already created
***** yes, it is. we will create vealnum_6846_ch9_from_28032022060630__to__28032022061543.mp4
we haven't find the sample video so we will go next
let us check if  vealnum_6794_chnan_from_28032022061330__to__28032022062028 is of interest and isn't already created
***** yes, it is. we will create vealnum_6794_chnan_from_28032022061330__to__28032022062028.mp4
we haven't find the sample video so we will go next
let us check if  vealnum_6797_chnan_from_28032022063230__to__28032022064453 is of interest and isn't already created
***** yes, it is. we will create vealnum_6797_chnan_from_28032022063230__to__28032022064453.mp4
we haven't find the sample video so we will go next
let us check if  vealnum_6841_ch9_from_28032022063530__to__28032022064442 is of interest and isn't already created
***** yes, it is. we will create vealnum_6841_ch9_from_28032022063530__to__28032022064442.mp4
we haven't find the sample video so we will go next
let us check if  vealnum_6841_ch9_from_28032022064630__to__28032022065309 is of interest and isn't already created
***** yes, it is. we will create vealnum_6841_ch9_from_28032022064630__to__28032022065309.mp4
we haven't find the sample video so we will go next
let us check if  vealnum_6849_ch10_from_28032022071830__to__28032022072646 is of interest and isn't already created
***** yes, it is. we will create vealnum_6849_ch10_from_28032022071830__to__28032022072646.mp4
we haven't find the sample video so we will go next
let us check if  vealnum_6420_ch9_from_28032022072630__to__28032022073759 is of interest and isn't already created
***** yes, it is. we will create vealnum_6420_ch9_from_28032022072630__to__28032022073759.mp4
we haven't find the sample video so we will go next
let us check if  vealnum_6436_ch10_from_28032022073330__to__28032022074533 is of interest and isn't already created
***** yes, it is. we will create vealnum_6436_ch10_from_28032022073330__to__28032022074533.mp4
we haven't find the sample video so we will go next
let us check if  vealnum_6831_ch9_from_28032022074230__to__28032022074638 is of interest and isn't already created
***** yes, it is. we will create vealnum_6831_ch9_from_28032022074230__to__28032022074638.mp4
we haven't find the sample video so we will go next
let us check if  vealnum_6831_ch9_from_28032022074230__to__28032022074640 is of interest and isn't already created
***** yes, it is. we will create vealnum_6831_ch9_from_28032022074230__to__28032022074640.mp4
we haven't find the sample video so we will go next
let us check if  vealnum_6831_ch9_from_28032022074230__to__28032022074643 is of interest and isn't already created
***** yes, it is. we will create vealnum_6831_ch9_from_28032022074230__to__28032022074643.mp4
we haven't find the sample video so we will go next
let us check if  vealnum_6831_ch9_from_28032022074430__to__28032022074841 is of interest and isn't already created
***** yes, it is. we will create vealnum_6831_ch9_from_28032022074430__to__28032022074841.mp4
we haven't find the sample video so we will go next
let us check if  vealnum_6432_ch9_from_28032022074730__to__28032022075136 is of interest and isn't already created
***** yes, it is. we will create vealnum_6432_ch9_from_28032022074730__to__28032022075136.mp4
we haven't find the sample video so we will go next
let us check if  vealnum_6436_ch10_from_28032022075230__to__28032022075948 is of interest and isn't already created
***** yes, it is. we will create vealnum_6436_ch10_from_28032022075230__to__28032022075948.mp4
we haven't find the sample video so we will go next
let us check if  vealnum_6841_ch9_from_28032022075530__to__28032022075947 is of interest and isn't already created
***** yes, it is. we will create vealnum_6841_ch9_from_28032022075530__to__28032022075947.mp4
we haven't find the sample video so we will go next
let us check if  vealnum_6827_ch9_from_28032022075830__to__28032022080645 is of interest and isn't already created
***** yes, it is. we will create vealnum_6827_ch9_from_28032022075830__to__28032022080645.mp4
we haven't find the sample video so we will go next
let us check if  vealnum_6853_ch10_from_28032022075930__to__28032022080419 is of interest and isn't already created
***** yes, it is. we will create vealnum_6853_ch10_from_28032022075930__to__28032022080419.mp4
we haven't find the sample video so we will go next
let us check if  vealnum_6841_ch9_from_28032022080330__to__28032022080750 is of interest and isn't already created
***** yes, it is. we will create vealnum_6841_ch9_from_28032022080330__to__28032022080750.mp4
we haven't find the sample video so we will go next
let us check if  vealnum_6405_chnan_from_28032022080530__to__28032022080951 is of interest and isn't already created
***** yes, it is. we will create vealnum_6405_chnan_from_28032022080530__to__28032022080951.mp4
we haven't find the sample video so we will go next
let us check if  vealnum_6799_chnan_from_28032022081230__to__28032022081943 is of interest and isn't already created
***** yes, it is. we will create vealnum_6799_chnan_from_28032022081230__to__28032022081943.mp4
we haven't find the sample video so we will go next
let us check if  vealnum_6436_ch10_from_28032022081630__to__28032022082056 is of interest and isn't already created
***** yes, it is. we will create vealnum_6436_ch10_from_28032022081630__to__28032022082056.mp4
we haven't find the sample video so we will go next
let us check if  vealnum_6441_ch10_from_28032022082230__to__28032022082650 is of interest and isn't already created
***** yes, it is. we will create vealnum_6441_ch10_from_28032022082230__to__28032022082650.mp4
we haven't find the sample video so we will go next
let us check if  vealnum_6375_chnan_from_28032022082330__to__28032022083031 is of interest and isn't already created
***** yes, it is. we will create vealnum_6375_chnan_from_28032022082330__to__28032022083031.mp4
we haven't find the sample video so we will go next
let us check if  vealnum_6839_ch9_from_28032022082330__to__28032022083327 is of interest and isn't already created
***** yes, it is. we will create vealnum_6839_ch9_from_28032022082330__to__28032022083327.mp4
we haven't find the sample video so we will go next
let us check if  vealnum_6441_ch10_from_28032022082630__to__28032022083123 is of interest and isn't already created
***** yes, it is. we will create vealnum_6441_ch10_from_28032022082630__to__28032022083123.mp4
we haven't find the sample video so we will go next
let us check if  vealnum_6441_ch10_from_28032022082830__to__28032022083239 is of interest and isn't already created
***** yes, it is. we will create vealnum_6441_ch10_from_28032022082830__to__28032022083239.mp4
we haven't find the sample video so we will go next
let us check if  vealnum_6432_ch9_from_28032022082930__to__28032022083620 is of interest and isn't already created
***** yes, it is. we will create vealnum_6432_ch9_from_28032022082930__to__28032022083620.mp4
we haven't find the sample video so we will go next
let us check if  vealnum_6441_ch10_from_28032022083130__to__28032022083601 is of interest and isn't already created
***** yes, it is. we will create vealnum_6441_ch10_from_28032022083130__to__28032022083601.mp4
we haven't find the sample video so we will go next
let us check if  vealnum_6441_ch10_from_28032022083130__to__28032022083547 is of interest and isn't already created
***** yes, it is. we will create vealnum_6441_ch10_from_28032022083130__to__28032022083547.mp4
we haven't find the sample video so we will go next
let us check if  vealnum_6441_ch10_from_28032022083230__to__28032022083644 is of interest and isn't already created
***** yes, it is. we will create vealnum_6441_ch10_from_28032022083230__to__28032022083644.mp4
we haven't find the sample video so we will go next
let us check if  vealnum_6842_ch9_from_28032022083230__to__28032022084100 is of interest and isn't already created
***** yes, it is. we will create vealnum_6842_ch9_from_28032022083230__to__28032022084100.mp4
we haven't find the sample video so we will go next
let us check if  vealnum_6441_ch10_from_28032022083230__to__28032022083635 is of interest and isn't already created
***** yes, it is. we will create vealnum_6441_ch10_from_28032022083230__to__28032022083635.mp4
we haven't find the sample video so we will go next
let us check if  vealnum_6441_ch10_from_28032022083630__to__28032022084402 is of interest and isn't already created
***** yes, it is. we will create vealnum_6441_ch10_from_28032022083630__to__28032022084402.mp4
we haven't find the sample video so we will go next
let us check if  vealnum_6827_ch9_from_28032022083830__to__28032022084246 is of interest and isn't already created
***** yes, it is. we will create vealnum_6827_ch9_from_28032022083830__to__28032022084246.mp4
we haven't find the sample video so we will go next
let us check if  vealnum_6436_ch10_from_28032022090330__to__28032022091015 is of interest and isn't already created
***** yes, it is. we will create vealnum_6436_ch10_from_28032022090330__to__28032022091015.mp4
we haven't find the sample video so we will go next
let us check if  vealnum_6827_ch9_from_28032022090630__to__28032022091748 is of interest and isn't already created
***** yes, it is. we will create vealnum_6827_ch9_from_28032022090630__to__28032022091748.mp4
we haven't find the sample video so we will go next
let us check if  vealnum_6832_ch9_from_28032022092230__to__28032022093236 is of interest and isn't already created
***** yes, it is. we will create vealnum_6832_ch9_from_28032022092230__to__28032022093236.mp4
we haven't find the sample video so we will go next
let us check if  vealnum_6800_chnan_from_28032022093230__to__28032022094244 is of interest and isn't already created
***** yes, it is. we will create vealnum_6800_chnan_from_28032022093230__to__28032022094244.mp4
we haven't find the sample video so we will go next
let us check if  vealnum_6435_ch10_from_28032022095030__to__28032022095642 is of interest and isn't already created
***** yes, it is. we will create vealnum_6435_ch10_from_28032022095030__to__28032022095642.mp4
we haven't find the sample video so we will go next
let us check if  vealnum_6829_ch9_from_28032022101330__to__28032022102347 is of interest and isn't already created
***** yes, it is. we will create vealnum_6829_ch9_from_28032022101330__to__28032022102347.mp4
we haven't find the sample video so we will go next
let us check if  vealnum_6821_chnan_from_28032022105230__to__28032022110535 is of interest and isn't already created
***** yes, it is. we will create vealnum_6821_chnan_from_28032022105230__to__28032022110535.mp4
we haven't find the sample video so we will go next
let us check if  vealnum_6836_ch9_from_28032022111830__to__28032022113021 is of interest and isn't already created
***** yes, it is. we will create vealnum_6836_ch9_from_28032022111830__to__28032022113021.mp4
we haven't find the sample video so we will go next
let us check if  vealnum_6831_ch9_from_28032022113430__to__28032022114407 is of interest and isn't already created
***** yes, it is. we will create vealnum_6831_ch9_from_28032022113430__to__28032022114407.mp4
we haven't find the sample video so we will go next
let us check if  vealnum_6420_ch9_from_28032022120530__to__28032022121138 is of interest and isn't already created
***** yes, it is. we will create vealnum_6420_ch9_from_28032022120530__to__28032022121138.mp4
we haven't find the sample video so we will go next
let us check if  vealnum_6850_ch10_from_28032022121030__to__28032022121640 is of interest and isn't already created
***** yes, it is. we will create vealnum_6850_ch10_from_28032022121030__to__28032022121640.mp4
we haven't find the sample video so we will go next
let us check if  vealnum_6794_chnan_from_28032022122530__to__28032022123703 is of interest and isn't already created
***** yes, it is. we will create vealnum_6794_chnan_from_28032022122530__to__28032022123703.mp4
we haven't find the sample video so we will go next
let us check if  vealnum_6850_ch10_from_28032022124230__to__28032022125422 is of interest and isn't already created
***** yes, it is. we will create vealnum_6850_ch10_from_28032022124230__to__28032022125422.mp4
we haven't find the sample video so we will go next
let us check if  vealnum_6846_ch9_from_28032022124430__to__28032022124840 is of interest and isn't already created
***** yes, it is. we will create vealnum_6846_ch9_from_28032022124430__to__28032022124840.mp4
we haven't find the sample video so we will go next
let us check if  vealnum_6432_ch9_from_28032022124430__to__28032022124835 is of interest and isn't already created
***** yes, it is. we will create vealnum_6432_ch9_from_28032022124430__to__28032022124835.mp4
we haven't find the sample video so we will go next
let us check if  vealnum_6432_ch9_from_28032022124430__to__28032022124837 is of interest and isn't already created
***** yes, it is. we will create vealnum_6432_ch9_from_28032022124430__to__28032022124837.mp4
we haven't find the sample video so we will go next
let us check if  vealnum_6846_ch9_from_28032022124530__to__28032022125011 is of interest and isn't already created
***** yes, it is. we will create vealnum_6846_ch9_from_28032022124530__to__28032022125011.mp4
we haven't find the sample video so we will go next
let us check if  vealnum_6846_ch9_from_28032022124730__to__28032022125153 is of interest and isn't already created
***** yes, it is. we will create vealnum_6846_ch9_from_28032022124730__to__28032022125153.mp4
we haven't find the sample video so we will go next
let us check if  vealnum_6846_ch9_from_28032022124730__to__28032022125152 is of interest and isn't already created
***** yes, it is. we will create vealnum_6846_ch9_from_28032022124730__to__28032022125152.mp4
we haven't find the sample video so we will go next
let us check if  vealnum_6809_chnan_from_28032022124930__to__28032022130832 is of interest and isn't already created
***** yes, it is. we will create vealnum_6809_chnan_from_28032022124930__to__28032022130832.mp4
we haven't find the sample video so we will go next
let us check if  vealnum_6420_ch9_from_28032022125730__to__28032022130320 is of interest and isn't already created
***** yes, it is. we will create vealnum_6420_ch9_from_28032022125730__to__28032022130320.mp4
we haven't find the sample video so we will go next
let us check if  vealnum_6432_ch9_from_28032022125930__to__28032022130602 is of interest and isn't already created
***** yes, it is. we will create vealnum_6432_ch9_from_28032022125930__to__28032022130602.mp4
we haven't find the sample video so we will go next
let us check if  vealnum_6420_ch9_from_28032022131130__to__28032022131552 is of interest and isn't already created
***** yes, it is. we will create vealnum_6420_ch9_from_28032022131130__to__28032022131552.mp4
we haven't find the sample video so we will go next
let us check if  vealnum_6823_chnan_from_28032022131130__to__28032022132554 is of interest and isn't already created
***** yes, it is. we will create vealnum_6823_chnan_from_28032022131130__to__28032022132554.mp4
we haven't find the sample video so we will go next
let us check if  vealnum_6420_ch9_from_28032022131230__to__28032022131654 is of interest and isn't already created
***** yes, it is. we will create vealnum_6420_ch9_from_28032022131230__to__28032022131654.mp4
we haven't find the sample video so we will go next
let us check if  vealnum_6412_chnan_from_28032022132230__to__28032022133111 is of interest and isn't already created
***** yes, it is. we will create vealnum_6412_chnan_from_28032022132230__to__28032022133111.mp4
we haven't find the sample video so we will go next
let us check if  vealnum_6436_ch10_from_28032022132430__to__28032022134246 is of interest and isn't already created
***** yes, it is. we will create vealnum_6436_ch10_from_28032022132430__to__28032022134246.mp4
we haven't find the sample video so we will go next
let us check if  vealnum_6432_ch9_from_28032022133830__to__28032022134240 is of interest and isn't already created
***** yes, it is. we will create vealnum_6432_ch9_from_28032022133830__to__28032022134240.mp4
we haven't find the sample video so we will go next
let us check if  vealnum_6827_ch9_from_28032022133930__to__28032022134410 is of interest and isn't already created
***** yes, it is. we will create vealnum_6827_ch9_from_28032022133930__to__28032022134410.mp4
we haven't find the sample video so we will go next
let us check if  vealnum_6375_chnan_from_28032022133930__to__28032022134758 is of interest and isn't already created
***** yes, it is. we will create vealnum_6375_chnan_from_28032022133930__to__28032022134758.mp4
we haven't find the sample video so we will go next
let us check if  vealnum_6836_ch9_from_28032022134030__to__28032022135121 is of interest and isn't already created
***** yes, it is. we will create vealnum_6836_ch9_from_28032022134030__to__28032022135121.mp4
we haven't find the sample video so we will go next
let us check if  vealnum_6842_ch9_from_28032022135530__to__28032022140440 is of interest and isn't already created
***** yes, it is. we will create vealnum_6842_ch9_from_28032022135530__to__28032022140440.mp4
we haven't find the sample video so we will go next
let us check if  vealnum_6832_ch9_from_28032022141030__to__28032022141846 is of interest and isn't already created
***** yes, it is. we will create vealnum_6832_ch9_from_28032022141030__to__28032022141846.mp4
we haven't find the sample video so we will go next
let us check if  vealnum_6827_ch9_from_28032022142130__to__28032022143253 is of interest and isn't already created
***** yes, it is. we will create vealnum_6827_ch9_from_28032022142130__to__28032022143253.mp4
we haven't find the sample video so we will go next
let us check if  vealnum_6838_ch9_from_28032022144730__to__28032022145332 is of interest and isn't already created
***** yes, it is. we will create vealnum_6838_ch9_from_28032022144730__to__28032022145332.mp4
we haven't find the sample video so we will go next
let us check if  vealnum_6834_ch9_from_28032022150230__to__28032022150818 is of interest and isn't already created
***** yes, it is. we will create vealnum_6834_ch9_from_28032022150230__to__28032022150818.mp4
we haven't find the sample video so we will go next
let us check if  vealnum_6839_ch9_from_28032022150330__to__28032022151605 is of interest and isn't already created
***** yes, it is. we will create vealnum_6839_ch9_from_28032022150330__to__28032022151605.mp4
we haven't find the sample video so we will go next
let us check if  vealnum_6849_ch10_from_28032022150430__to__28032022150839 is of interest and isn't already created
***** yes, it is. we will create vealnum_6849_ch10_from_28032022150430__to__28032022150839.mp4
we haven't find the sample video so we will go next
let us check if  vealnum_6853_ch10_from_28032022150730__to__28032022151426 is of interest and isn't already created
***** yes, it is. we will create vealnum_6853_ch10_from_28032022150730__to__28032022151426.mp4
we haven't find the sample video so we will go next
let us check if  vealnum_6853_ch10_from_28032022151130__to__28032022151626 is of interest and isn't already created
***** yes, it is. we will create vealnum_6853_ch10_from_28032022151130__to__28032022151626.mp4
we haven't find the sample video so we will go next
let us check if  vealnum_6853_ch10_from_28032022151230__to__28032022153150 is of interest and isn't already created
***** yes, it is. we will create vealnum_6853_ch10_from_28032022151230__to__28032022153150.mp4
we haven't find the sample video so we will go next
let us check if  vealnum_6403_chnan_from_28032022151330__to__28032022152106 is of interest and isn't already created
***** yes, it is. we will create vealnum_6403_chnan_from_28032022151330__to__28032022152106.mp4
we haven't find the sample video so we will go next
let us check if  vealnum_6838_ch9_from_28032022151630__to__28032022152037 is of interest and isn't already created
***** yes, it is. we will create vealnum_6838_ch9_from_28032022151630__to__28032022152037.mp4
we haven't find the sample video so we will go next
let us check if  vealnum_6838_ch9_from_28032022151630__to__28032022152047 is of interest and isn't already created
***** yes, it is. we will create vealnum_6838_ch9_from_28032022151630__to__28032022152047.mp4
we haven't find the sample video so we will go next
let us check if  vealnum_6838_ch9_from_28032022151830__to__28032022152237 is of interest and isn't already created
***** yes, it is. we will create vealnum_6838_ch9_from_28032022151830__to__28032022152237.mp4
we haven't find the sample video so we will go next
let us check if  vealnum_6838_ch9_from_28032022151930__to__28032022152345 is of interest and isn't already created
***** yes, it is. we will create vealnum_6838_ch9_from_28032022151930__to__28032022152345.mp4
we haven't find the sample video so we will go next
let us check if  vealnum_6834_ch9_from_28032022152030__to__28032022152732 is of interest and isn't already created
***** yes, it is. we will create vealnum_6834_ch9_from_28032022152030__to__28032022152732.mp4
we haven't find the sample video so we will go next
let us check if  vealnum_6410_chnan_from_28032022152130__to__28032022152809 is of interest and isn't already created
***** yes, it is. we will create vealnum_6410_chnan_from_28032022152130__to__28032022152809.mp4
we haven't find the sample video so we will go next
let us check if  vealnum_6800_chnan_from_28032022152730__to__28032022154125 is of interest and isn't already created
***** yes, it is. we will create vealnum_6800_chnan_from_28032022152730__to__28032022154125.mp4
we haven't find the sample video so we will go next
let us check if  vealnum_6821_chnan_from_28032022153230__to__28032022153714 is of interest and isn't already created
***** yes, it is. we will create vealnum_6821_chnan_from_28032022153230__to__28032022153714.mp4
we haven't find the sample video so we will go next
let us check if  vealnum_6849_ch10_from_28032022153230__to__28032022154239 is of interest and isn't already created
***** yes, it is. we will create vealnum_6849_ch10_from_28032022153230__to__28032022154239.mp4
we haven't find the sample video so we will go next
let us check if  vealnum_6841_ch9_from_28032022153330__to__28032022153755 is of interest and isn't already created
***** yes, it is. we will create vealnum_6841_ch9_from_28032022153330__to__28032022153755.mp4
we haven't find the sample video so we will go next
let us check if  vealnum_6841_ch9_from_28032022153430__to__28032022153900 is of interest and isn't already created
***** yes, it is. we will create vealnum_6841_ch9_from_28032022153430__to__28032022153900.mp4
we haven't find the sample video so we will go next
let us check if  vealnum_6407_chnan_from_28032022153730__to__28032022154611 is of interest and isn't already created
***** yes, it is. we will create vealnum_6407_chnan_from_28032022153730__to__28032022154611.mp4
we haven't find the sample video so we will go next
let us check if  vealnum_6841_ch9_from_28032022154430__to__28032022155123 is of interest and isn't already created
***** yes, it is. we will create vealnum_6841_ch9_from_28032022154430__to__28032022155123.mp4
we haven't find the sample video so we will go next
let us check if  vealnum_6435_ch10_from_28032022155930__to__28032022160629 is of interest and isn't already created
***** yes, it is. we will create vealnum_6435_ch10_from_28032022155930__to__28032022160629.mp4
we haven't find the sample video so we will go next
let us check if  vealnum_6838_ch9_from_28032022161130__to__28032022161704 is of interest and isn't already created
***** yes, it is. we will create vealnum_6838_ch9_from_28032022161130__to__28032022161704.mp4
we haven't find the sample video so we will go next
let us check if  vealnum_6841_ch9_from_28032022161330__to__28032022161804 is of interest and isn't already created
***** yes, it is. we will create vealnum_6841_ch9_from_28032022161330__to__28032022161804.mp4
we haven't find the sample video so we will go next
let us check if  vealnum_6838_ch9_from_28032022161630__to__28032022163046 is of interest and isn't already created
***** yes, it is. we will create vealnum_6838_ch9_from_28032022161630__to__28032022163046.mp4
we haven't find the sample video so we will go next
let us check if  vealnum_6841_ch9_from_28032022162630__to__28032022163942 is of interest and isn't already created
***** yes, it is. we will create vealnum_6841_ch9_from_28032022162630__to__28032022163942.mp4
we haven't find the sample video so we will go next
let us check if  vealnum_6426_ch9_from_28032022163630__to__28032022164331 is of interest and isn't already created
***** yes, it is. we will create vealnum_6426_ch9_from_28032022163630__to__28032022164331.mp4
we haven't find the sample video so we will go next
let us check if  vealnum_6839_ch9_from_28032022163930__to__28032022164757 is of interest and isn't already created
***** yes, it is. we will create vealnum_6839_ch9_from_28032022163930__to__28032022164757.mp4
we haven't find the sample video so we will go next
let us check if  vealnum_6420_ch9_from_28032022170230__to__28032022171223 is of interest and isn't already created
***** yes, it is. we will create vealnum_6420_ch9_from_28032022170230__to__28032022171223.mp4
we haven't find the sample video so we will go next
let us check if  vealnum_6783_chnan_from_28032022171130__to__28032022171859 is of interest and isn't already created
***** yes, it is. we will create vealnum_6783_chnan_from_28032022171130__to__28032022171859.mp4
we haven't find the sample video so we will go next
let us check if  vealnum_6778_chnan_from_28032022171530__to__28032022172251 is of interest and isn't already created
***** yes, it is. we will create vealnum_6778_chnan_from_28032022171530__to__28032022172251.mp4
we haven't find the sample video so we will go next
let us check if  vealnum_6829_ch9_from_28032022172330__to__28032022173546 is of interest and isn't already created
***** yes, it is. we will create vealnum_6829_ch9_from_28032022172330__to__28032022173546.mp4
we haven't find the sample video so we will go next
let us check if  vealnum_6375_chnan_from_28032022175630__to__28032022180252 is of interest and isn't already created
***** yes, it is. we will create vealnum_6375_chnan_from_28032022175630__to__28032022180252.mp4
we haven't find the sample video so we will go next
let us check if  vealnum_6832_ch9_from_28032022181930__to__28032022183208 is of interest and isn't already created
***** yes, it is. we will create vealnum_6832_ch9_from_28032022181930__to__28032022183208.mp4
we haven't find the sample video so we will go next
let us check if  vealnum_6794_chnan_from_28032022183830__to__28032022184636 is of interest and isn't already created
***** yes, it is. we will create vealnum_6794_chnan_from_28032022183830__to__28032022184636.mp4
we haven't find the sample video so we will go next
let us check if  vealnum_6432_ch9_from_28032022183830__to__28032022185344 is of interest and isn't already created
***** yes, it is. we will create vealnum_6432_ch9_from_28032022183830__to__28032022185344.mp4
we haven't find the sample video so we will go next
let us check if  vealnum_6838_ch9_from_28032022190230__to__28032022191501 is of interest and isn't already created
***** yes, it is. we will create vealnum_6838_ch9_from_28032022190230__to__28032022191501.mp4
we haven't find the sample video so we will go next
let us check if  vealnum_6375_chnan_from_28032022190730__to__28032022191446 is of interest and isn't already created
***** yes, it is. we will create vealnum_6375_chnan_from_28032022190730__to__28032022191446.mp4
we haven't find the sample video so we will go next
let us check if  vealnum_6839_ch9_from_28032022191030__to__28032022192027 is of interest and isn't already created
***** yes, it is. we will create vealnum_6839_ch9_from_28032022191030__to__28032022192027.mp4
we haven't find the sample video so we will go next
let us check if  vealnum_6821_chnan_from_28032022191230__to__28032022192245 is of interest and isn't already created
***** yes, it is. we will create vealnum_6821_chnan_from_28032022191230__to__28032022192245.mp4
we haven't find the sample video so we will go next
let us check if  vealnum_6846_ch9_from_28032022193030__to__28032022194145 is of interest and isn't already created
***** yes, it is. we will create vealnum_6846_ch9_from_28032022193030__to__28032022194145.mp4
we haven't find the sample video so we will go next
let us check if  vealnum_6407_chnan_from_28032022193230__to__28032022194140 is of interest and isn't already created
***** yes, it is. we will create vealnum_6407_chnan_from_28032022193230__to__28032022194140.mp4
we haven't find the sample video so we will go next
let us check if  vealnum_6831_ch9_from_28032022193930__to__28032022194428 is of interest and isn't already created
***** yes, it is. we will create vealnum_6831_ch9_from_28032022193930__to__28032022194428.mp4
we haven't find the sample video so we will go next
let us check if  vealnum_6839_ch9_from_28032022194030__to__28032022194641 is of interest and isn't already created
***** yes, it is. we will create vealnum_6839_ch9_from_28032022194030__to__28032022194641.mp4
we haven't find the sample video so we will go next
let us check if  vealnum_6839_ch9_from_28032022194630__to__28032022195230 is of interest and isn't already created
***** yes, it is. we will create vealnum_6839_ch9_from_28032022194630__to__28032022195230.mp4
we haven't find the sample video so we will go next
let us check if  vealnum_6426_ch9_from_28032022194830__to__28032022195751 is of interest and isn't already created
***** yes, it is. we will create vealnum_6426_ch9_from_28032022194830__to__28032022195751.mp4
we haven't find the sample video so we will go next
let us check if  vealnum_6832_ch9_from_28032022194830__to__28032022195250 is of interest and isn't already created
***** yes, it is. we will create vealnum_6832_ch9_from_28032022194830__to__28032022195250.mp4
we haven't find the sample video so we will go next
let us check if  vealnum_6799_chnan_from_28032022195030__to__28032022195635 is of interest and isn't already created
***** yes, it is. we will create vealnum_6799_chnan_from_28032022195030__to__28032022195635.mp4
we haven't find the sample video so we will go next
let us check if  vealnum_6832_ch9_from_28032022195430__to__28032022200046 is of interest and isn't already created
***** yes, it is. we will create vealnum_6832_ch9_from_28032022195430__to__28032022200046.mp4
we haven't find the sample video so we will go next
let us check if  vealnum_6829_ch9_from_28032022200130__to__28032022200544 is of interest and isn't already created
***** yes, it is. we will create vealnum_6829_ch9_from_28032022200130__to__28032022200544.mp4
we haven't find the sample video so we will go next
let us check if  vealnum_6829_ch9_from_28032022200230__to__28032022200804 is of interest and isn't already created
***** yes, it is. we will create vealnum_6829_ch9_from_28032022200230__to__28032022200804.mp4
we haven't find the sample video so we will go next
let us check if  vealnum_6829_ch9_from_28032022200530__to__28032022200947 is of interest and isn't already created
***** yes, it is. we will create vealnum_6829_ch9_from_28032022200530__to__28032022200947.mp4
we haven't find the sample video so we will go next
let us check if  vealnum_6420_ch9_from_28032022200930__to__28032022201343 is of interest and isn't already created
***** yes, it is. we will create vealnum_6420_ch9_from_28032022200930__to__28032022201343.mp4
we haven't find the sample video so we will go next
let us check if  vealnum_6420_ch9_from_28032022201030__to__28032022201511 is of interest and isn't already created
***** yes, it is. we will create vealnum_6420_ch9_from_28032022201030__to__28032022201511.mp4
we haven't find the sample video so we will go next
let us check if  vealnum_6410_chnan_from_28032022201030__to__28032022202056 is of interest and isn't already created
***** yes, it is. we will create vealnum_6410_chnan_from_28032022201030__to__28032022202056.mp4
we haven't find the sample video so we will go next
let us check if  vealnum_6799_chnan_from_28032022201030__to__28032022201515 is of interest and isn't already created
***** yes, it is. we will create vealnum_6799_chnan_from_28032022201030__to__28032022201515.mp4
we haven't find the sample video so we will go next
let us check if  vealnum_6836_ch9_from_28032022201530__to__28032022202000 is of interest and isn't already created
***** yes, it is. we will create vealnum_6836_ch9_from_28032022201530__to__28032022202000.mp4
we haven't find the sample video so we will go next
let us check if  vealnum_6836_ch9_from_28032022201530__to__28032022201946 is of interest and isn't already created
***** yes, it is. we will create vealnum_6836_ch9_from_28032022201530__to__28032022201946.mp4
we haven't find the sample video so we will go next
let us check if  vealnum_6836_ch9_from_28032022201630__to__28032022202048 is of interest and isn't already created
***** yes, it is. we will create vealnum_6836_ch9_from_28032022201630__to__28032022202048.mp4
we haven't find the sample video so we will go next
let us check if  vealnum_6841_ch9_from_28032022202230__to__28032022203444 is of interest and isn't already created
***** yes, it is. we will create vealnum_6841_ch9_from_28032022202230__to__28032022203444.mp4
we haven't find the sample video so we will go next
let us check if  vealnum_6799_chnan_from_28032022202630__to__28032022203500 is of interest and isn't already created
***** yes, it is. we will create vealnum_6799_chnan_from_28032022202630__to__28032022203500.mp4
we haven't find the sample video so we will go next
let us check if  vealnum_6436_ch10_from_28032022202630__to__28032022203047 is of interest and isn't already created
***** yes, it is. we will create vealnum_6436_ch10_from_28032022202630__to__28032022203047.mp4
we haven't find the sample video so we will go next
let us check if  vealnum_6831_ch9_from_28032022203030__to__28032022203447 is of interest and isn't already created
***** yes, it is. we will create vealnum_6831_ch9_from_28032022203030__to__28032022203447.mp4
we haven't find the sample video so we will go next
let us check if  vealnum_6829_ch9_from_28032022203630__to__28032022204145 is of interest and isn't already created
***** yes, it is. we will create vealnum_6829_ch9_from_28032022203630__to__28032022204145.mp4
we haven't find the sample video so we will go next
let us check if  vealnum_6829_ch9_from_28032022203830__to__28032022204247 is of interest and isn't already created
***** yes, it is. we will create vealnum_6829_ch9_from_28032022203830__to__28032022204247.mp4
we haven't find the sample video so we will go next
let us check if  vealnum_6829_ch9_from_28032022203930__to__28032022204335 is of interest and isn't already created
***** yes, it is. we will create vealnum_6829_ch9_from_28032022203930__to__28032022204335.mp4
we haven't find the sample video so we will go next
let us check if  vealnum_6829_ch9_from_28032022204030__to__28032022204446 is of interest and isn't already created
***** yes, it is. we will create vealnum_6829_ch9_from_28032022204030__to__28032022204446.mp4
we haven't find the sample video so we will go next
let us check if  vealnum_6829_ch9_from_28032022204030__to__28032022204449 is of interest and isn't already created
***** yes, it is. we will create vealnum_6829_ch9_from_28032022204030__to__28032022204449.mp4
we haven't find the sample video so we will go next
let us check if  vealnum_6422_ch10_from_28032022211430__to__28032022212354 is of interest and isn't already created
***** yes, it is. we will create vealnum_6422_ch10_from_28032022211430__to__28032022212354.mp4
we haven't find the sample video so we will go next
let us check if  vealnum_6831_ch9_from_28032022221030__to__28032022222133 is of interest and isn't already created
***** yes, it is. we will create vealnum_6831_ch9_from_28032022221030__to__28032022222133.mp4
we haven't find the sample video so we will go next
let us check if  vealnum_6829_ch9_from_28032022223430__to__28032022224717 is of interest and isn't already created
***** yes, it is. we will create vealnum_6829_ch9_from_28032022223430__to__28032022224717.mp4
we haven't find the sample video so we will go next
let us check if  vealnum_6432_ch9_from_28032022231430__to__28032022232150 is of interest and isn't already created
***** yes, it is. we will create vealnum_6432_ch9_from_28032022231430__to__28032022232150.mp4
we haven't find the sample video so we will go next
let us check if  vealnum_6842_ch9_from_28032022233830__to__28032022234303 is of interest and isn't already created
***** yes, it is. we will create vealnum_6842_ch9_from_28032022233830__to__28032022234303.mp4
we haven't find the sample video so we will go next
let us check if  vealnum_6839_ch9_from_28032022233830__to__28032022234426 is of interest and isn't already created
***** yes, it is. we will create vealnum_6839_ch9_from_28032022233830__to__28032022234426.mp4
we haven't find the sample video so we will go next
let us check if  vealnum_6832_ch9_from_28032022234130__to__28032022234959 is of interest and isn't already created
***** yes, it is. we will create vealnum_6832_ch9_from_28032022234130__to__28032022234959.mp4
we haven't find the sample video so we will go next
let us check if  vealnum_6839_ch9_from_28032022235030__to__28032022235948 is of interest and isn't already created
***** yes, it is. we will create vealnum_6839_ch9_from_28032022235030__to__28032022235948.mp4
we haven't find the sample video so we will go next
let us check if  vealnum_6432_ch9_from_28032022235630__to__29032022000653 is of interest and isn't already created
***** yes, it is. we will create vealnum_6432_ch9_from_28032022235630__to__29032022000653.mp4
we haven't find the sample video so we will go next
