      station  calfNumber  ... Duration      date2
22552       9        6831  ...    685.0 2022-03-15
5217      NaN        6405  ...    655.0 2022-03-15
15468     NaN        6780  ...    247.0 2022-03-15
21470       9        6829  ...    437.0 2022-03-15
15470     NaN        6780  ...    668.0 2022-03-15

[5 rows x 7 columns]
***** vealnum_6831_ch9_from_15032022004230__to__15032022005355.mp4
****                                                   names  ...            end time
0     ../../sante_veau/videos/2022-03-12-2022-03-17/...  ... 2022-03-14 10:00:03
1     ../../sante_veau/videos/2022-03-12-2022-03-17/...  ... 2022-03-12 20:00:04
2     ../../sante_veau/videos/2022-03-12-2022-03-17/...  ... 2022-03-15 14:00:04
3     ../../sante_veau/videos/2022-03-12-2022-03-17/...  ... 2022-03-13 09:00:00
4     ../../sante_veau/videos/2022-03-12-2022-03-17/...  ... 2022-03-14 07:00:00
...                                                 ...  ...                 ...
1915  ../../sante_veau/videos/2022-03-18-2022-03-23/...  ... 2022-03-20 15:00:08
1916  ../../sante_veau/videos/2022-03-18-2022-03-23/...  ... 2022-03-23 17:00:03
1917  ../../sante_veau/videos/2022-03-18-2022-03-23/...  ... 2022-03-20 07:00:01
1918  ../../sante_veau/videos/2022-03-18-2022-03-23/...  ... 2022-03-19 21:00:01
1919  ../../sante_veau/videos/2022-03-18-2022-03-23/...  ... 2022-03-18 18:00:03

[1920 rows x 3 columns]
******************************************we are on vealnum_6831_ch9_from_15032022004230__to__15032022005355
***** vealnum_6405_chnan_from_15032022005330__to__15032022010425.mp4
****                                                   names  ...            end time
0     ../../sante_veau/videos/2022-03-12-2022-03-17/...  ... 2022-03-14 10:00:03
1     ../../sante_veau/videos/2022-03-12-2022-03-17/...  ... 2022-03-12 20:00:04
2     ../../sante_veau/videos/2022-03-12-2022-03-17/...  ... 2022-03-15 14:00:04
3     ../../sante_veau/videos/2022-03-12-2022-03-17/...  ... 2022-03-13 09:00:00
4     ../../sante_veau/videos/2022-03-12-2022-03-17/...  ... 2022-03-14 07:00:00
...                                                 ...  ...                 ...
1915  ../../sante_veau/videos/2022-03-18-2022-03-23/...  ... 2022-03-20 15:00:08
1916  ../../sante_veau/videos/2022-03-18-2022-03-23/...  ... 2022-03-23 17:00:03
1917  ../../sante_veau/videos/2022-03-18-2022-03-23/...  ... 2022-03-20 07:00:01
1918  ../../sante_veau/videos/2022-03-18-2022-03-23/...  ... 2022-03-19 21:00:01
1919  ../../sante_veau/videos/2022-03-18-2022-03-23/...  ... 2022-03-18 18:00:03

[1920 rows x 3 columns]
******************************************we are on vealnum_6405_chnan_from_15032022005330__to__15032022010425
***** vealnum_6780_chnan_from_15032022005530__to__15032022005937.mp4
****                                                   names  ...            end time
0     ../../sante_veau/videos/2022-03-12-2022-03-17/...  ... 2022-03-14 10:00:03
1     ../../sante_veau/videos/2022-03-12-2022-03-17/...  ... 2022-03-12 20:00:04
2     ../../sante_veau/videos/2022-03-12-2022-03-17/...  ... 2022-03-15 14:00:04
3     ../../sante_veau/videos/2022-03-12-2022-03-17/...  ... 2022-03-13 09:00:00
4     ../../sante_veau/videos/2022-03-12-2022-03-17/...  ... 2022-03-14 07:00:00
...                                                 ...  ...                 ...
1915  ../../sante_veau/videos/2022-03-18-2022-03-23/...  ... 2022-03-20 15:00:08
1916  ../../sante_veau/videos/2022-03-18-2022-03-23/...  ... 2022-03-23 17:00:03
1917  ../../sante_veau/videos/2022-03-18-2022-03-23/...  ... 2022-03-20 07:00:01
1918  ../../sante_veau/videos/2022-03-18-2022-03-23/...  ... 2022-03-19 21:00:01
1919  ../../sante_veau/videos/2022-03-18-2022-03-23/...  ... 2022-03-18 18:00:03

[1920 rows x 3 columns]
******************************************we are on vealnum_6780_chnan_from_15032022005530__to__15032022005937
***** vealnum_6829_ch9_from_15032022005730__to__15032022010447.mp4
****                                                   names  ...            end time
0     ../../sante_veau/videos/2022-03-12-2022-03-17/...  ... 2022-03-14 10:00:03
1     ../../sante_veau/videos/2022-03-12-2022-03-17/...  ... 2022-03-12 20:00:04
2     ../../sante_veau/videos/2022-03-12-2022-03-17/...  ... 2022-03-15 14:00:04
3     ../../sante_veau/videos/2022-03-12-2022-03-17/...  ... 2022-03-13 09:00:00
4     ../../sante_veau/videos/2022-03-12-2022-03-17/...  ... 2022-03-14 07:00:00
...                                                 ...  ...                 ...
1915  ../../sante_veau/videos/2022-03-18-2022-03-23/...  ... 2022-03-20 15:00:08
1916  ../../sante_veau/videos/2022-03-18-2022-03-23/...  ... 2022-03-23 17:00:03
1917  ../../sante_veau/videos/2022-03-18-2022-03-23/...  ... 2022-03-20 07:00:01
1918  ../../sante_veau/videos/2022-03-18-2022-03-23/...  ... 2022-03-19 21:00:01
1919  ../../sante_veau/videos/2022-03-18-2022-03-23/...  ... 2022-03-18 18:00:03

[1920 rows x 3 columns]
******************************************we are on vealnum_6829_ch9_from_15032022005730__to__15032022010447
***** vealnum_6780_chnan_from_15032022005930__to__15032022011038.mp4
****                                                   names  ...            end time
0     ../../sante_veau/videos/2022-03-12-2022-03-17/...  ... 2022-03-14 10:00:03
1     ../../sante_veau/videos/2022-03-12-2022-03-17/...  ... 2022-03-12 20:00:04
2     ../../sante_veau/videos/2022-03-12-2022-03-17/...  ... 2022-03-15 14:00:04
3     ../../sante_veau/videos/2022-03-12-2022-03-17/...  ... 2022-03-13 09:00:00
4     ../../sante_veau/videos/2022-03-12-2022-03-17/...  ... 2022-03-14 07:00:00
...                                                 ...  ...                 ...
1915  ../../sante_veau/videos/2022-03-18-2022-03-23/...  ... 2022-03-20 15:00:08
1916  ../../sante_veau/videos/2022-03-18-2022-03-23/...  ... 2022-03-23 17:00:03
1917  ../../sante_veau/videos/2022-03-18-2022-03-23/...  ... 2022-03-20 07:00:01
1918  ../../sante_veau/videos/2022-03-18-2022-03-23/...  ... 2022-03-19 21:00:01
1919  ../../sante_veau/videos/2022-03-18-2022-03-23/...  ... 2022-03-18 18:00:03

[1920 rows x 3 columns]
******************************************we are on vealnum_6780_chnan_from_15032022005930__to__15032022011038
***** vealnum_6832_ch9_from_15032022010030__to__15032022011040.mp4
****                                                   names  ...            end time
0     ../../sante_veau/videos/2022-03-12-2022-03-17/...  ... 2022-03-14 10:00:03
1     ../../sante_veau/videos/2022-03-12-2022-03-17/...  ... 2022-03-12 20:00:04
2     ../../sante_veau/videos/2022-03-12-2022-03-17/...  ... 2022-03-15 14:00:04
3     ../../sante_veau/videos/2022-03-12-2022-03-17/...  ... 2022-03-13 09:00:00
4     ../../sante_veau/videos/2022-03-12-2022-03-17/...  ... 2022-03-14 07:00:00
...                                                 ...  ...                 ...
1915  ../../sante_veau/videos/2022-03-18-2022-03-23/...  ... 2022-03-20 15:00:08
1916  ../../sante_veau/videos/2022-03-18-2022-03-23/...  ... 2022-03-23 17:00:03
1917  ../../sante_veau/videos/2022-03-18-2022-03-23/...  ... 2022-03-20 07:00:01
1918  ../../sante_veau/videos/2022-03-18-2022-03-23/...  ... 2022-03-19 21:00:01
1919  ../../sante_veau/videos/2022-03-18-2022-03-23/...  ... 2022-03-18 18:00:03

[1920 rows x 3 columns]
******************************************we are on vealnum_6832_ch9_from_15032022010030__to__15032022011040
***** vealnum_6823_chnan_from_15032022010030__to__15032022010555.mp4
****                                                   names  ...            end time
0     ../../sante_veau/videos/2022-03-12-2022-03-17/...  ... 2022-03-14 10:00:03
1     ../../sante_veau/videos/2022-03-12-2022-03-17/...  ... 2022-03-12 20:00:04
2     ../../sante_veau/videos/2022-03-12-2022-03-17/...  ... 2022-03-15 14:00:04
3     ../../sante_veau/videos/2022-03-12-2022-03-17/...  ... 2022-03-13 09:00:00
4     ../../sante_veau/videos/2022-03-12-2022-03-17/...  ... 2022-03-14 07:00:00
...                                                 ...  ...                 ...
1915  ../../sante_veau/videos/2022-03-18-2022-03-23/...  ... 2022-03-20 15:00:08
1916  ../../sante_veau/videos/2022-03-18-2022-03-23/...  ... 2022-03-23 17:00:03
1917  ../../sante_veau/videos/2022-03-18-2022-03-23/...  ... 2022-03-20 07:00:01
1918  ../../sante_veau/videos/2022-03-18-2022-03-23/...  ... 2022-03-19 21:00:01
1919  ../../sante_veau/videos/2022-03-18-2022-03-23/...  ... 2022-03-18 18:00:03

[1920 rows x 3 columns]
******************************************we are on vealnum_6823_chnan_from_15032022010030__to__15032022010555
***** vealnum_6797_chnan_from_15032022010230__to__15032022011400.mp4
****                                                   names  ...            end time
0     ../../sante_veau/videos/2022-03-12-2022-03-17/...  ... 2022-03-14 10:00:03
1     ../../sante_veau/videos/2022-03-12-2022-03-17/...  ... 2022-03-12 20:00:04
2     ../../sante_veau/videos/2022-03-12-2022-03-17/...  ... 2022-03-15 14:00:04
3     ../../sante_veau/videos/2022-03-12-2022-03-17/...  ... 2022-03-13 09:00:00
4     ../../sante_veau/videos/2022-03-12-2022-03-17/...  ... 2022-03-14 07:00:00
...                                                 ...  ...                 ...
1915  ../../sante_veau/videos/2022-03-18-2022-03-23/...  ... 2022-03-20 15:00:08
1916  ../../sante_veau/videos/2022-03-18-2022-03-23/...  ... 2022-03-23 17:00:03
1917  ../../sante_veau/videos/2022-03-18-2022-03-23/...  ... 2022-03-20 07:00:01
1918  ../../sante_veau/videos/2022-03-18-2022-03-23/...  ... 2022-03-19 21:00:01
1919  ../../sante_veau/videos/2022-03-18-2022-03-23/...  ... 2022-03-18 18:00:03

[1920 rows x 3 columns]
******************************************we are on vealnum_6797_chnan_from_15032022010230__to__15032022011400
***** vealnum_6836_ch9_from_15032022010730__to__15032022011616.mp4
****                                                   names  ...            end time
0     ../../sante_veau/videos/2022-03-12-2022-03-17/...  ... 2022-03-14 10:00:03
1     ../../sante_veau/videos/2022-03-12-2022-03-17/...  ... 2022-03-12 20:00:04
2     ../../sante_veau/videos/2022-03-12-2022-03-17/...  ... 2022-03-15 14:00:04
3     ../../sante_veau/videos/2022-03-12-2022-03-17/...  ... 2022-03-13 09:00:00
4     ../../sante_veau/videos/2022-03-12-2022-03-17/...  ... 2022-03-14 07:00:00
...                                                 ...  ...                 ...
1915  ../../sante_veau/videos/2022-03-18-2022-03-23/...  ... 2022-03-20 15:00:08
1916  ../../sante_veau/videos/2022-03-18-2022-03-23/...  ... 2022-03-23 17:00:03
1917  ../../sante_veau/videos/2022-03-18-2022-03-23/...  ... 2022-03-20 07:00:01
1918  ../../sante_veau/videos/2022-03-18-2022-03-23/...  ... 2022-03-19 21:00:01
1919  ../../sante_veau/videos/2022-03-18-2022-03-23/...  ... 2022-03-18 18:00:03

[1920 rows x 3 columns]
******************************************we are on vealnum_6836_ch9_from_15032022010730__to__15032022011616
***** vealnum_6407_chnan_from_15032022011030__to__15032022011919.mp4
****                                                   names  ...            end time
0     ../../sante_veau/videos/2022-03-12-2022-03-17/...  ... 2022-03-14 10:00:03
1     ../../sante_veau/videos/2022-03-12-2022-03-17/...  ... 2022-03-12 20:00:04
2     ../../sante_veau/videos/2022-03-12-2022-03-17/...  ... 2022-03-15 14:00:04
3     ../../sante_veau/videos/2022-03-12-2022-03-17/...  ... 2022-03-13 09:00:00
4     ../../sante_veau/videos/2022-03-12-2022-03-17/...  ... 2022-03-14 07:00:00
...                                                 ...  ...                 ...
1915  ../../sante_veau/videos/2022-03-18-2022-03-23/...  ... 2022-03-20 15:00:08
1916  ../../sante_veau/videos/2022-03-18-2022-03-23/...  ... 2022-03-23 17:00:03
1917  ../../sante_veau/videos/2022-03-18-2022-03-23/...  ... 2022-03-20 07:00:01
1918  ../../sante_veau/videos/2022-03-18-2022-03-23/...  ... 2022-03-19 21:00:01
1919  ../../sante_veau/videos/2022-03-18-2022-03-23/...  ... 2022-03-18 18:00:03

[1920 rows x 3 columns]
******************************************we are on vealnum_6407_chnan_from_15032022011030__to__15032022011919
***** vealnum_6834_ch9_from_15032022011230__to__15032022012309.mp4
****                                                   names  ...            end time
0     ../../sante_veau/videos/2022-03-12-2022-03-17/...  ... 2022-03-14 10:00:03
1     ../../sante_veau/videos/2022-03-12-2022-03-17/...  ... 2022-03-12 20:00:04
2     ../../sante_veau/videos/2022-03-12-2022-03-17/...  ... 2022-03-15 14:00:04
3     ../../sante_veau/videos/2022-03-12-2022-03-17/...  ... 2022-03-13 09:00:00
4     ../../sante_veau/videos/2022-03-12-2022-03-17/...  ... 2022-03-14 07:00:00
...                                                 ...  ...                 ...
1915  ../../sante_veau/videos/2022-03-18-2022-03-23/...  ... 2022-03-20 15:00:08
1916  ../../sante_veau/videos/2022-03-18-2022-03-23/...  ... 2022-03-23 17:00:03
1917  ../../sante_veau/videos/2022-03-18-2022-03-23/...  ... 2022-03-20 07:00:01
1918  ../../sante_veau/videos/2022-03-18-2022-03-23/...  ... 2022-03-19 21:00:01
1919  ../../sante_veau/videos/2022-03-18-2022-03-23/...  ... 2022-03-18 18:00:03

[1920 rows x 3 columns]
******************************************we are on vealnum_6834_ch9_from_15032022011230__to__15032022012309
***** vealnum_6412_chnan_from_15032022011530__to__15032022012108.mp4
****                                                   names  ...            end time
0     ../../sante_veau/videos/2022-03-12-2022-03-17/...  ... 2022-03-14 10:00:03
1     ../../sante_veau/videos/2022-03-12-2022-03-17/...  ... 2022-03-12 20:00:04
2     ../../sante_veau/videos/2022-03-12-2022-03-17/...  ... 2022-03-15 14:00:04
3     ../../sante_veau/videos/2022-03-12-2022-03-17/...  ... 2022-03-13 09:00:00
4     ../../sante_veau/videos/2022-03-12-2022-03-17/...  ... 2022-03-14 07:00:00
...                                                 ...  ...                 ...
1915  ../../sante_veau/videos/2022-03-18-2022-03-23/...  ... 2022-03-20 15:00:08
1916  ../../sante_veau/videos/2022-03-18-2022-03-23/...  ... 2022-03-23 17:00:03
1917  ../../sante_veau/videos/2022-03-18-2022-03-23/...  ... 2022-03-20 07:00:01
1918  ../../sante_veau/videos/2022-03-18-2022-03-23/...  ... 2022-03-19 21:00:01
1919  ../../sante_veau/videos/2022-03-18-2022-03-23/...  ... 2022-03-18 18:00:03

[1920 rows x 3 columns]
******************************************we are on vealnum_6412_chnan_from_15032022011530__to__15032022012108
***** vealnum_6809_chnan_from_15032022011730__to__15032022012746.mp4
****                                                   names  ...            end time
0     ../../sante_veau/videos/2022-03-12-2022-03-17/...  ... 2022-03-14 10:00:03
1     ../../sante_veau/videos/2022-03-12-2022-03-17/...  ... 2022-03-12 20:00:04
2     ../../sante_veau/videos/2022-03-12-2022-03-17/...  ... 2022-03-15 14:00:04
3     ../../sante_veau/videos/2022-03-12-2022-03-17/...  ... 2022-03-13 09:00:00
4     ../../sante_veau/videos/2022-03-12-2022-03-17/...  ... 2022-03-14 07:00:00
...                                                 ...  ...                 ...
1915  ../../sante_veau/videos/2022-03-18-2022-03-23/...  ... 2022-03-20 15:00:08
1916  ../../sante_veau/videos/2022-03-18-2022-03-23/...  ... 2022-03-23 17:00:03
1917  ../../sante_veau/videos/2022-03-18-2022-03-23/...  ... 2022-03-20 07:00:01
1918  ../../sante_veau/videos/2022-03-18-2022-03-23/...  ... 2022-03-19 21:00:01
1919  ../../sante_veau/videos/2022-03-18-2022-03-23/...  ... 2022-03-18 18:00:03

[1920 rows x 3 columns]
******************************************we are on vealnum_6809_chnan_from_15032022011730__to__15032022012746
***** vealnum_6432_ch9_from_15032022011930__to__15032022013235.mp4
****                                                   names  ...            end time
0     ../../sante_veau/videos/2022-03-12-2022-03-17/...  ... 2022-03-14 10:00:03
1     ../../sante_veau/videos/2022-03-12-2022-03-17/...  ... 2022-03-12 20:00:04
2     ../../sante_veau/videos/2022-03-12-2022-03-17/...  ... 2022-03-15 14:00:04
3     ../../sante_veau/videos/2022-03-12-2022-03-17/...  ... 2022-03-13 09:00:00
4     ../../sante_veau/videos/2022-03-12-2022-03-17/...  ... 2022-03-14 07:00:00
...                                                 ...  ...                 ...
1915  ../../sante_veau/videos/2022-03-18-2022-03-23/...  ... 2022-03-20 15:00:08
1916  ../../sante_veau/videos/2022-03-18-2022-03-23/...  ... 2022-03-23 17:00:03
1917  ../../sante_veau/videos/2022-03-18-2022-03-23/...  ... 2022-03-20 07:00:01
1918  ../../sante_veau/videos/2022-03-18-2022-03-23/...  ... 2022-03-19 21:00:01
1919  ../../sante_veau/videos/2022-03-18-2022-03-23/...  ... 2022-03-18 18:00:03

[1920 rows x 3 columns]
******************************************we are on vealnum_6432_ch9_from_15032022011930__to__15032022013235
***** vealnum_6796_chnan_from_15032022012330__to__15032022012935.mp4
****                                                   names  ...            end time
0     ../../sante_veau/videos/2022-03-12-2022-03-17/...  ... 2022-03-14 10:00:03
1     ../../sante_veau/videos/2022-03-12-2022-03-17/...  ... 2022-03-12 20:00:04
2     ../../sante_veau/videos/2022-03-12-2022-03-17/...  ... 2022-03-15 14:00:04
3     ../../sante_veau/videos/2022-03-12-2022-03-17/...  ... 2022-03-13 09:00:00
4     ../../sante_veau/videos/2022-03-12-2022-03-17/...  ... 2022-03-14 07:00:00
...                                                 ...  ...                 ...
1915  ../../sante_veau/videos/2022-03-18-2022-03-23/...  ... 2022-03-20 15:00:08
1916  ../../sante_veau/videos/2022-03-18-2022-03-23/...  ... 2022-03-23 17:00:03
1917  ../../sante_veau/videos/2022-03-18-2022-03-23/...  ... 2022-03-20 07:00:01
1918  ../../sante_veau/videos/2022-03-18-2022-03-23/...  ... 2022-03-19 21:00:01
1919  ../../sante_veau/videos/2022-03-18-2022-03-23/...  ... 2022-03-18 18:00:03

[1920 rows x 3 columns]
******************************************we are on vealnum_6796_chnan_from_15032022012330__to__15032022012935
***** vealnum_6791_chnan_from_15032022012430__to__15032022013901.mp4
****                                                   names  ...            end time
0     ../../sante_veau/videos/2022-03-12-2022-03-17/...  ... 2022-03-14 10:00:03
1     ../../sante_veau/videos/2022-03-12-2022-03-17/...  ... 2022-03-12 20:00:04
2     ../../sante_veau/videos/2022-03-12-2022-03-17/...  ... 2022-03-15 14:00:04
3     ../../sante_veau/videos/2022-03-12-2022-03-17/...  ... 2022-03-13 09:00:00
4     ../../sante_veau/videos/2022-03-12-2022-03-17/...  ... 2022-03-14 07:00:00
...                                                 ...  ...                 ...
1915  ../../sante_veau/videos/2022-03-18-2022-03-23/...  ... 2022-03-20 15:00:08
1916  ../../sante_veau/videos/2022-03-18-2022-03-23/...  ... 2022-03-23 17:00:03
1917  ../../sante_veau/videos/2022-03-18-2022-03-23/...  ... 2022-03-20 07:00:01
1918  ../../sante_veau/videos/2022-03-18-2022-03-23/...  ... 2022-03-19 21:00:01
1919  ../../sante_veau/videos/2022-03-18-2022-03-23/...  ... 2022-03-18 18:00:03

[1920 rows x 3 columns]
******************************************we are on vealnum_6791_chnan_from_15032022012430__to__15032022013901
***** vealnum_6796_chnan_from_15032022013130__to__15032022013905.mp4
****                                                   names  ...            end time
0     ../../sante_veau/videos/2022-03-12-2022-03-17/...  ... 2022-03-14 10:00:03
1     ../../sante_veau/videos/2022-03-12-2022-03-17/...  ... 2022-03-12 20:00:04
2     ../../sante_veau/videos/2022-03-12-2022-03-17/...  ... 2022-03-15 14:00:04
3     ../../sante_veau/videos/2022-03-12-2022-03-17/...  ... 2022-03-13 09:00:00
4     ../../sante_veau/videos/2022-03-12-2022-03-17/...  ... 2022-03-14 07:00:00
...                                                 ...  ...                 ...
1915  ../../sante_veau/videos/2022-03-18-2022-03-23/...  ... 2022-03-20 15:00:08
1916  ../../sante_veau/videos/2022-03-18-2022-03-23/...  ... 2022-03-23 17:00:03
1917  ../../sante_veau/videos/2022-03-18-2022-03-23/...  ... 2022-03-20 07:00:01
1918  ../../sante_veau/videos/2022-03-18-2022-03-23/...  ... 2022-03-19 21:00:01
1919  ../../sante_veau/videos/2022-03-18-2022-03-23/...  ... 2022-03-18 18:00:03

[1920 rows x 3 columns]
******************************************we are on vealnum_6796_chnan_from_15032022013130__to__15032022013905
***** vealnum_6796_chnan_from_15032022013930__to__15032022014717.mp4
****                                                   names  ...            end time
0     ../../sante_veau/videos/2022-03-12-2022-03-17/...  ... 2022-03-14 10:00:03
1     ../../sante_veau/videos/2022-03-12-2022-03-17/...  ... 2022-03-12 20:00:04
2     ../../sante_veau/videos/2022-03-12-2022-03-17/...  ... 2022-03-15 14:00:04
3     ../../sante_veau/videos/2022-03-12-2022-03-17/...  ... 2022-03-13 09:00:00
4     ../../sante_veau/videos/2022-03-12-2022-03-17/...  ... 2022-03-14 07:00:00
...                                                 ...  ...                 ...
1915  ../../sante_veau/videos/2022-03-18-2022-03-23/...  ... 2022-03-20 15:00:08
1916  ../../sante_veau/videos/2022-03-18-2022-03-23/...  ... 2022-03-23 17:00:03
1917  ../../sante_veau/videos/2022-03-18-2022-03-23/...  ... 2022-03-20 07:00:01
1918  ../../sante_veau/videos/2022-03-18-2022-03-23/...  ... 2022-03-19 21:00:01
1919  ../../sante_veau/videos/2022-03-18-2022-03-23/...  ... 2022-03-18 18:00:03

[1920 rows x 3 columns]
******************************************we are on vealnum_6796_chnan_from_15032022013930__to__15032022014717
***** vealnum_6786_chnan_from_15032022024930__to__15032022025946.mp4
****                                                   names  ...            end time
0     ../../sante_veau/videos/2022-03-12-2022-03-17/...  ... 2022-03-14 10:00:03
1     ../../sante_veau/videos/2022-03-12-2022-03-17/...  ... 2022-03-12 20:00:04
2     ../../sante_veau/videos/2022-03-12-2022-03-17/...  ... 2022-03-15 14:00:04
3     ../../sante_veau/videos/2022-03-12-2022-03-17/...  ... 2022-03-13 09:00:00
4     ../../sante_veau/videos/2022-03-12-2022-03-17/...  ... 2022-03-14 07:00:00
...                                                 ...  ...                 ...
1915  ../../sante_veau/videos/2022-03-18-2022-03-23/...  ... 2022-03-20 15:00:08
1916  ../../sante_veau/videos/2022-03-18-2022-03-23/...  ... 2022-03-23 17:00:03
1917  ../../sante_veau/videos/2022-03-18-2022-03-23/...  ... 2022-03-20 07:00:01
1918  ../../sante_veau/videos/2022-03-18-2022-03-23/...  ... 2022-03-19 21:00:01
1919  ../../sante_veau/videos/2022-03-18-2022-03-23/...  ... 2022-03-18 18:00:03

[1920 rows x 3 columns]
******************************************we are on vealnum_6786_chnan_from_15032022024930__to__15032022025946
***** vealnum_6796_chnan_from_15032022053530__to__15032022055216.mp4
****                                                   names  ...            end time
0     ../../sante_veau/videos/2022-03-12-2022-03-17/...  ... 2022-03-14 10:00:03
1     ../../sante_veau/videos/2022-03-12-2022-03-17/...  ... 2022-03-12 20:00:04
2     ../../sante_veau/videos/2022-03-12-2022-03-17/...  ... 2022-03-15 14:00:04
3     ../../sante_veau/videos/2022-03-12-2022-03-17/...  ... 2022-03-13 09:00:00
4     ../../sante_veau/videos/2022-03-12-2022-03-17/...  ... 2022-03-14 07:00:00
...                                                 ...  ...                 ...
1915  ../../sante_veau/videos/2022-03-18-2022-03-23/...  ... 2022-03-20 15:00:08
1916  ../../sante_veau/videos/2022-03-18-2022-03-23/...  ... 2022-03-23 17:00:03
1917  ../../sante_veau/videos/2022-03-18-2022-03-23/...  ... 2022-03-20 07:00:01
1918  ../../sante_veau/videos/2022-03-18-2022-03-23/...  ... 2022-03-19 21:00:01
1919  ../../sante_veau/videos/2022-03-18-2022-03-23/...  ... 2022-03-18 18:00:03

[1920 rows x 3 columns]
******************************************we are on vealnum_6796_chnan_from_15032022053530__to__15032022055216
***** vealnum_6382_ch10_from_15032022054730__to__15032022055633.mp4
****                                                   names  ...            end time
0     ../../sante_veau/videos/2022-03-12-2022-03-17/...  ... 2022-03-14 10:00:03
1     ../../sante_veau/videos/2022-03-12-2022-03-17/...  ... 2022-03-12 20:00:04
2     ../../sante_veau/videos/2022-03-12-2022-03-17/...  ... 2022-03-15 14:00:04
3     ../../sante_veau/videos/2022-03-12-2022-03-17/...  ... 2022-03-13 09:00:00
4     ../../sante_veau/videos/2022-03-12-2022-03-17/...  ... 2022-03-14 07:00:00
...                                                 ...  ...                 ...
1915  ../../sante_veau/videos/2022-03-18-2022-03-23/...  ... 2022-03-20 15:00:08
1916  ../../sante_veau/videos/2022-03-18-2022-03-23/...  ... 2022-03-23 17:00:03
1917  ../../sante_veau/videos/2022-03-18-2022-03-23/...  ... 2022-03-20 07:00:01
1918  ../../sante_veau/videos/2022-03-18-2022-03-23/...  ... 2022-03-19 21:00:01
1919  ../../sante_veau/videos/2022-03-18-2022-03-23/...  ... 2022-03-18 18:00:03

[1920 rows x 3 columns]
******************************************we are on vealnum_6382_ch10_from_15032022054730__to__15032022055633
***** vealnum_6773_chnan_from_15032022054830__to__15032022055747.mp4
****                                                   names  ...            end time
0     ../../sante_veau/videos/2022-03-12-2022-03-17/...  ... 2022-03-14 10:00:03
1     ../../sante_veau/videos/2022-03-12-2022-03-17/...  ... 2022-03-12 20:00:04
2     ../../sante_veau/videos/2022-03-12-2022-03-17/...  ... 2022-03-15 14:00:04
3     ../../sante_veau/videos/2022-03-12-2022-03-17/...  ... 2022-03-13 09:00:00
4     ../../sante_veau/videos/2022-03-12-2022-03-17/...  ... 2022-03-14 07:00:00
...                                                 ...  ...                 ...
1915  ../../sante_veau/videos/2022-03-18-2022-03-23/...  ... 2022-03-20 15:00:08
1916  ../../sante_veau/videos/2022-03-18-2022-03-23/...  ... 2022-03-23 17:00:03
1917  ../../sante_veau/videos/2022-03-18-2022-03-23/...  ... 2022-03-20 07:00:01
1918  ../../sante_veau/videos/2022-03-18-2022-03-23/...  ... 2022-03-19 21:00:01
1919  ../../sante_veau/videos/2022-03-18-2022-03-23/...  ... 2022-03-18 18:00:03

[1920 rows x 3 columns]
******************************************we are on vealnum_6773_chnan_from_15032022054830__to__15032022055747
***** vealnum_6412_chnan_from_15032022060130__to__15032022061939.mp4
****                                                   names  ...            end time
0     ../../sante_veau/videos/2022-03-12-2022-03-17/...  ... 2022-03-14 10:00:03
1     ../../sante_veau/videos/2022-03-12-2022-03-17/...  ... 2022-03-12 20:00:04
2     ../../sante_veau/videos/2022-03-12-2022-03-17/...  ... 2022-03-15 14:00:04
3     ../../sante_veau/videos/2022-03-12-2022-03-17/...  ... 2022-03-13 09:00:00
4     ../../sante_veau/videos/2022-03-12-2022-03-17/...  ... 2022-03-14 07:00:00
...                                                 ...  ...                 ...
1915  ../../sante_veau/videos/2022-03-18-2022-03-23/...  ... 2022-03-20 15:00:08
1916  ../../sante_veau/videos/2022-03-18-2022-03-23/...  ... 2022-03-23 17:00:03
1917  ../../sante_veau/videos/2022-03-18-2022-03-23/...  ... 2022-03-20 07:00:01
1918  ../../sante_veau/videos/2022-03-18-2022-03-23/...  ... 2022-03-19 21:00:01
1919  ../../sante_veau/videos/2022-03-18-2022-03-23/...  ... 2022-03-18 18:00:03

[1920 rows x 3 columns]
******************************************we are on vealnum_6412_chnan_from_15032022060130__to__15032022061939
***** vealnum_6391_chnan_from_15032022060830__to__15032022062516.mp4
****                                                   names  ...            end time
0     ../../sante_veau/videos/2022-03-12-2022-03-17/...  ... 2022-03-14 10:00:03
1     ../../sante_veau/videos/2022-03-12-2022-03-17/...  ... 2022-03-12 20:00:04
2     ../../sante_veau/videos/2022-03-12-2022-03-17/...  ... 2022-03-15 14:00:04
3     ../../sante_veau/videos/2022-03-12-2022-03-17/...  ... 2022-03-13 09:00:00
4     ../../sante_veau/videos/2022-03-12-2022-03-17/...  ... 2022-03-14 07:00:00
...                                                 ...  ...                 ...
1915  ../../sante_veau/videos/2022-03-18-2022-03-23/...  ... 2022-03-20 15:00:08
1916  ../../sante_veau/videos/2022-03-18-2022-03-23/...  ... 2022-03-23 17:00:03
1917  ../../sante_veau/videos/2022-03-18-2022-03-23/...  ... 2022-03-20 07:00:01
1918  ../../sante_veau/videos/2022-03-18-2022-03-23/...  ... 2022-03-19 21:00:01
1919  ../../sante_veau/videos/2022-03-18-2022-03-23/...  ... 2022-03-18 18:00:03

[1920 rows x 3 columns]
******************************************we are on vealnum_6391_chnan_from_15032022060830__to__15032022062516
***** vealnum_6764_ch10_from_15032022061330__to__15032022061746.mp4
****                                                   names  ...            end time
0     ../../sante_veau/videos/2022-03-12-2022-03-17/...  ... 2022-03-14 10:00:03
1     ../../sante_veau/videos/2022-03-12-2022-03-17/...  ... 2022-03-12 20:00:04
2     ../../sante_veau/videos/2022-03-12-2022-03-17/...  ... 2022-03-15 14:00:04
3     ../../sante_veau/videos/2022-03-12-2022-03-17/...  ... 2022-03-13 09:00:00
4     ../../sante_veau/videos/2022-03-12-2022-03-17/...  ... 2022-03-14 07:00:00
...                                                 ...  ...                 ...
1915  ../../sante_veau/videos/2022-03-18-2022-03-23/...  ... 2022-03-20 15:00:08
1916  ../../sante_veau/videos/2022-03-18-2022-03-23/...  ... 2022-03-23 17:00:03
1917  ../../sante_veau/videos/2022-03-18-2022-03-23/...  ... 2022-03-20 07:00:01
1918  ../../sante_veau/videos/2022-03-18-2022-03-23/...  ... 2022-03-19 21:00:01
1919  ../../sante_veau/videos/2022-03-18-2022-03-23/...  ... 2022-03-18 18:00:03

[1920 rows x 3 columns]
hi ../../sante_veau/videos/2022-03-12-2022-03-17/N862A6_ch10_main_20220315060000_20220315070009.mp4
True 2022-03-15 06:13:30 2022-03-15 06:00:00
** 810.0 1066.0 the rest is -2543.0
we crop
******************************************we are on vealnum_6764_ch10_from_15032022061330__to__15032022061746
an intersting section
The new directory is created!
The dataset directory is created!
Moviepy - Building video ../../sante_veau/dataset/coupure_video_veaux/15032022/vealnum_6764_ch10_from_15032022061330__to__15032022061746.mp4.
MoviePy - Writing audio in vealnum_6764_ch10_from_15032022061330__to__15032022061746TEMP_MPY_wvf_snd.mp3
chunk:   0%|          | 0/5645 [00:00<?, ?it/s, now=None]chunk:   0%|          | 2/5645 [00:00<05:09, 18.26it/s, now=None]chunk:   2%|▏         | 103/5645 [00:00<00:09, 571.54it/s, now=None]chunk:   5%|▍         | 271/5645 [00:00<00:05, 1060.73it/s, now=None]chunk:   7%|▋         | 422/5645 [00:00<00:04, 1233.34it/s, now=None]chunk:  10%|█         | 574/5645 [00:00<00:03, 1334.23it/s, now=None]chunk:  13%|█▎        | 729/5645 [00:00<00:03, 1406.30it/s, now=None]chunk:  16%|█▌        | 890/5645 [00:00<00:03, 1470.36it/s, now=None]chunk:  19%|█▊        | 1050/5645 [00:00<00:03, 1508.14it/s, now=None]chunk:  21%|██▏       | 1207/5645 [00:00<00:02, 1524.28it/s, now=None]chunk:  24%|██▍       | 1364/5645 [00:01<00:02, 1534.54it/s, now=None]Traceback (most recent call last):
  File "/project/166600234/sophie/our_virtual_envs/dlc/venv/lib/python3.8/site-packages/moviepy/audio/io/ffmpeg_audiowriter.py", line 74, in write_frames
    self.proc.stdin.write(frames_array.tobytes())
BrokenPipeError: [Errno 32] Broken pipe

During handling of the above exception, another exception occurred:

Traceback (most recent call last):
  File "crop_videos_decallage.py", line 205, in <module>
    extract_interesting_sections(interesting_sections)
  File "crop_videos_decallage.py", line 155, in extract_interesting_sections
    video.write_videofile("../../sante_veau/dataset/coupure_video_veaux/"+interesting_section["start visit dateTime"].strftime("%d%m%Y")+"/"+new_name+".mp4",fps=25)
  File "<decorator-gen-55>", line 2, in write_videofile
  File "/project/166600234/sophie/our_virtual_envs/dlc/venv/lib/python3.8/site-packages/moviepy/decorators.py", line 54, in requires_duration
    return f(clip, *a, **k)
  File "<decorator-gen-54>", line 2, in write_videofile
  File "/project/166600234/sophie/our_virtual_envs/dlc/venv/lib/python3.8/site-packages/moviepy/decorators.py", line 135, in use_clip_fps_by_default
    return f(clip, *new_a, **new_kw)
  File "<decorator-gen-53>", line 2, in write_videofile
  File "/project/166600234/sophie/our_virtual_envs/dlc/venv/lib/python3.8/site-packages/moviepy/decorators.py", line 22, in convert_masks_to_RGB
    return f(clip, *a, **k)
  File "/project/166600234/sophie/our_virtual_envs/dlc/venv/lib/python3.8/site-packages/moviepy/video/VideoClip.py", line 293, in write_videofile
    self.audio.write_audiofile(audiofile, audio_fps,
  File "<decorator-gen-45>", line 2, in write_audiofile
  File "/project/166600234/sophie/our_virtual_envs/dlc/venv/lib/python3.8/site-packages/moviepy/decorators.py", line 54, in requires_duration
    return f(clip, *a, **k)
  File "/project/166600234/sophie/our_virtual_envs/dlc/venv/lib/python3.8/site-packages/moviepy/audio/AudioClip.py", line 206, in write_audiofile
    return ffmpeg_audiowrite(self, filename, fps, nbytes, buffersize,
  File "<decorator-gen-9>", line 2, in ffmpeg_audiowrite
  File "/project/166600234/sophie/our_virtual_envs/dlc/venv/lib/python3.8/site-packages/moviepy/decorators.py", line 54, in requires_duration
    return f(clip, *a, **k)
  File "/project/166600234/sophie/our_virtual_envs/dlc/venv/lib/python3.8/site-packages/moviepy/audio/io/ffmpeg_audiowriter.py", line 170, in ffmpeg_audiowrite
    writer.write_frames(chunk)
  File "/project/166600234/sophie/our_virtual_envs/dlc/venv/lib/python3.8/site-packages/moviepy/audio/io/ffmpeg_audiowriter.py", line 117, in write_frames
    raise IOError(error)
OSError: [Errno 32] Broken pipe

MoviePy error: FFMPEG encountered the following error while writing file vealnum_6764_ch10_from_15032022061330__to__15032022061746TEMP_MPY_wvf_snd.mp3:

b'av_interleaved_write_frame(): Disk quota exceeded\nError writing trailer of vealnum_6764_ch10_from_15032022061330__to__15032022061746TEMP_MPY_wvf_snd.mp3: Disk quota exceeded'

In case it helps, make sure you are using a recent version of FFMPEG (the versions in the Ubuntu/Debian repos are deprecated).
                                                                      